c:\users\ethang\desktop\autoscroller\autoscrollereyetracker\x64\release\autoscroller.ipdb
c:\users\ethang\desktop\autoscroller\autoscrollereyetracker\x64\release\autoscroller.iobj
c:\users\ethang\desktop\autoscroller\autoscroller\x64\release\autoscroller.ipdb
c:\users\ethang\desktop\autoscroller\autoscroller\x64\release\autoscroller.iobj
c:\users\ethang\desktop\autoscroller\autoscrollereyetracker\autoscroller\x64\release\vc142.pdb
c:\users\ethang\desktop\autoscroller\autoscrollereyetracker\autoscroller\x64\release\eyetracker.obj
c:\users\ethang\desktop\autoscroller\autoscrollereyetracker\autoscroller\x64\release\tracker.obj
c:\users\ethang\desktop\autoscroller\autoscroller\autoscroller\x64\release\vc142.pdb
c:\users\ethang\desktop\autoscroller\autoscroller\autoscroller\x64\release\tracker.obj
c:\users\ethang\desktop\autoscroller\autoscrollereyetracker\x64\release\autoscroller.exe
c:\users\ethang\desktop\autoscroller\autoscrollereyetracker\x64\release\autoscroller.pdb
c:\users\ethang\desktop\autoscroller\autoscroller\x64\release\autoscroller.exe
c:\users\ethang\desktop\autoscroller\autoscroller\x64\release\autoscroller.pdb
c:\users\ethang\desktop\autoscroller\autoscroller\autoscroller\x64\release\eyetracker.obj
c:\users\ethang\desktop\autoscroller\autoscroller\autoscroller\x64\release\handtracker.obj
c:\users\ethang\desktop\autoscroller\autoscroller\autoscroller\x64\release\autoscroller.tlog\autoscroller.write.1u.tlog
c:\users\ethang\desktop\autoscroller\autoscroller\autoscroller\x64\release\autoscroller.tlog\cl.command.1.tlog
c:\users\ethang\desktop\autoscroller\autoscroller\autoscroller\x64\release\autoscroller.tlog\cl.read.1.tlog
c:\users\ethang\desktop\autoscroller\autoscroller\autoscroller\x64\release\autoscroller.tlog\cl.write.1.tlog
c:\users\ethang\desktop\autoscroller\autoscroller\autoscroller\x64\release\autoscroller.tlog\link.command.1.tlog
c:\users\ethang\desktop\autoscroller\autoscroller\autoscroller\x64\release\autoscroller.tlog\link.read.1.tlog
c:\users\ethang\desktop\autoscroller\autoscroller\autoscroller\x64\release\autoscroller.tlog\link.write.1.tlog
